[32mStarting expired holds processing...[39m
[32mProcessing 2 expired holds...[39m
[32mHold test-692f041601a30-1764688918 expired successfully.[39m
[32mHold test-692f041e5933e-1764688926 expired successfully.[39m
[32mBatch processed: 2 processed, 2 expired.[39m
[32mProcessing completed. Total: 2 processed, 2 expired in 0.03 seconds.[39m
[32mStarting expired holds processing...[39m
[32mNo expired holds found.[39m
[32mProcessing completed. Total: 0 processed, 0 expired in 0.01 seconds.[39m
[32mStarting expired holds processing...[39m
[32mNo expired holds found.[39m
[32mProcessing completed. Total: 0 processed, 0 expired in 0.01 seconds.[39m
[32mStarting expired holds processing...[39m
[32mNo expired holds found.[39m
[32mProcessing completed. Total: 0 processed, 0 expired in 0.01 seconds.[39m
[32mStarting expired holds processing...[39m
[32mNo expired holds found.[39m
[32mProcessing completed. Total: 0 processed, 0 expired in 0.01 seconds.[39m
[32mStarting expired holds processing...[39m
[32mNo expired holds found.[39m
[32mProcessing completed. Total: 0 processed, 0 expired in 0.01 seconds.[39m
[32mStarting expired holds processing...[39m
[32mNo expired holds found.[39m
[32mProcessing completed. Total: 0 processed, 0 expired in 0.01 seconds.[39m
[32mStarting expired holds processing...[39m
[32mNo expired holds found.[39m
[32mProcessing completed. Total: 0 processed, 0 expired in 0.01 seconds.[39m
[32mStarting expired holds processing...[39m
[32mNo expired holds found.[39m
[32mProcessing completed. Total: 0 processed, 0 expired in 0.01 seconds.[39m
[32mStarting expired holds processing...[39m
[32mNo expired holds found.[39m
[32mProcessing completed. Total: 0 processed, 0 expired in 0.01 seconds.[39m
[32mStarting expired holds processing...[39m
[32mProcessing 1 expired holds...[39m
[32mHold 7dda0260-689a-4c5c-8b60-cc2a2987459e expired successfully.[39m
[32mBatch processed: 1 processed, 1 expired.[39m
[32mProcessing completed. Total: 1 processed, 1 expired in 0.02 seconds.[39m
[32mStarting expired holds processing...[39m
[32mNo expired holds found.[39m
[32mProcessing completed. Total: 0 processed, 0 expired in 0.01 seconds.[39m
[32mStarting expired holds processing...[39m
[32mNo expired holds found.[39m
[32mProcessing completed. Total: 0 processed, 0 expired in 0.01 seconds.[39m
[32mStarting expired holds processing...[39m
[32mNo expired holds found.[39m
[32mProcessing completed. Total: 0 processed, 0 expired in 0.01 seconds.[39m
[32mStarting expired holds processing...[39m
[32mNo expired holds found.[39m
[32mProcessing completed. Total: 0 processed, 0 expired in 0.01 seconds.[39m
[32mStarting expired holds processing...[39m
[32mNo expired holds found.[39m
[32mProcessing completed. Total: 0 processed, 0 expired in 0.01 seconds.[39m
[32mStarting expired holds processing...[39m
[32mNo expired holds found.[39m
[32mProcessing completed. Total: 0 processed, 0 expired in 0.02 seconds.[39m
[32mStarting expired holds processing...[39m
[32mNo expired holds found.[39m
[32mProcessing completed. Total: 0 processed, 0 expired in 0.01 seconds.[39m
[32mStarting expired holds processing...[39m
[32mNo expired holds found.[39m
[32mProcessing completed. Total: 0 processed, 0 expired in 0.01 seconds.[39m
[32mStarting expired holds processing...[39m
[32mNo expired holds found.[39m
[32mProcessing completed. Total: 0 processed, 0 expired in 0.01 seconds.[39m
[32mStarting expired holds processing...[39m
[32mProcessing 1 expired holds...[39m
[32mHold 14939547-fd94-4cbe-84de-ffc6ac9c320a expired successfully.[39m
[32mBatch processed: 1 processed, 1 expired.[39m
[32mProcessing completed. Total: 1 processed, 1 expired in 0.05 seconds.[39m
[32mStarting expired holds processing...[39m
[32mNo expired holds found.[39m
[32mProcessing completed. Total: 0 processed, 0 expired in 0.01 seconds.[39m
[32mStarting expired holds processing...[39m
[32mNo expired holds found.[39m
[32mProcessing completed. Total: 0 processed, 0 expired in 0.01 seconds.[39m
[32mStarting expired holds processing...[39m
[32mNo expired holds found.[39m
[32mProcessing completed. Total: 0 processed, 0 expired in 0.01 seconds.[39m
[32mStarting expired holds processing...[39m
[32mNo expired holds found.[39m
[32mProcessing completed. Total: 0 processed, 0 expired in 0.01 seconds.[39m
[32mStarting expired holds processing...[39m
[32mNo expired holds found.[39m
[32mProcessing completed. Total: 0 processed, 0 expired in 0.01 seconds.[39m
[32mStarting expired holds processing...[39m
[32mNo expired holds found.[39m
[32mProcessing completed. Total: 0 processed, 0 expired in 0.01 seconds.[39m
[32mStarting expired holds processing...[39m
[32mNo expired holds found.[39m
[32mProcessing completed. Total: 0 processed, 0 expired in 0.01 seconds.[39m
[32mStarting expired holds processing...[39m
[32mProcessing 1 expired holds...[39m
[32mHold e771cff7-b9c4-456c-a58e-42de0f7fa8e4 expired successfully.[39m
[32mBatch processed: 1 processed, 1 expired.[39m
[32mProcessing completed. Total: 1 processed, 1 expired in 0.05 seconds.[39m
[32mStarting expired holds processing...[39m
[32mNo expired holds found.[39m
[32mProcessing completed. Total: 0 processed, 0 expired in 0.01 seconds.[39m
[32mStarting expired holds processing...[39m
[32mNo expired holds found.[39m
[32mProcessing completed. Total: 0 processed, 0 expired in 0.01 seconds.[39m
[32mStarting expired holds processing...[39m
[32mNo expired holds found.[39m
[32mProcessing completed. Total: 0 processed, 0 expired in 0.01 seconds.[39m
[32mStarting expired holds processing...[39m
[32mNo expired holds found.[39m
[32mProcessing completed. Total: 0 processed, 0 expired in 0.01 seconds.[39m
[32mStarting expired holds processing...[39m
[32mNo expired holds found.[39m
[32mProcessing completed. Total: 0 processed, 0 expired in 0.01 seconds.[39m
[32mStarting expired holds processing...[39m
[32mNo expired holds found.[39m
[32mProcessing completed. Total: 0 processed, 0 expired in 0.01 seconds.[39m
[32mStarting expired holds processing...[39m
[32mNo expired holds found.[39m
[32mProcessing completed. Total: 0 processed, 0 expired in 0.01 seconds.[39m
[32mStarting expired holds processing...[39m
[32mNo expired holds found.[39m
[32mProcessing completed. Total: 0 processed, 0 expired in 0.01 seconds.[39m
[32mStarting expired holds processing...[39m
[32mProcessing 1 expired holds...[39m
[32mHold 9f0188c5-2478-4245-b546-eede8df0aebc expired successfully.[39m
[32mBatch processed: 1 processed, 1 expired.[39m
[32mProcessing completed. Total: 1 processed, 1 expired in 0.05 seconds.[39m
[32mStarting expired holds processing...[39m
[32mNo expired holds found.[39m
[32mProcessing completed. Total: 0 processed, 0 expired in 0.01 seconds.[39m
[32mStarting expired holds processing...[39m
[32mNo expired holds found.[39m
[32mProcessing completed. Total: 0 processed, 0 expired in 0.01 seconds.[39m
[32mStarting expired holds processing...[39m
[32mNo expired holds found.[39m
[32mProcessing completed. Total: 0 processed, 0 expired in 0.01 seconds.[39m
[32mStarting expired holds processing...[39m
[32mNo expired holds found.[39m
[32mProcessing completed. Total: 0 processed, 0 expired in 0.01 seconds.[39m
[32mStarting expired holds processing...[39m
[32mNo expired holds found.[39m
[32mProcessing completed. Total: 0 processed, 0 expired in 0.01 seconds.[39m
[32mStarting expired holds processing...[39m
[32mNo expired holds found.[39m
[32mProcessing completed. Total: 0 processed, 0 expired in 0.01 seconds.[39m
[32mStarting expired holds processing...[39m
[32mNo expired holds found.[39m
[32mProcessing completed. Total: 0 processed, 0 expired in 0.01 seconds.[39m
[32mStarting expired holds processing...[39m
[32mNo expired holds found.[39m
[32mProcessing completed. Total: 0 processed, 0 expired in 0.01 seconds.[39m
[32mStarting expired holds processing...[39m
[32mNo expired holds found.[39m
[32mProcessing completed. Total: 0 processed, 0 expired in 0.01 seconds.[39m
[32mStarting expired holds processing...[39m
[32mNo expired holds found.[39m
[32mProcessing completed. Total: 0 processed, 0 expired in 0.01 seconds.[39m
[32mStarting expired holds processing...[39m
[32mNo expired holds found.[39m
[32mProcessing completed. Total: 0 processed, 0 expired in 0.01 seconds.[39m
[32mStarting expired holds processing...[39m
[32mNo expired holds found.[39m
[32mProcessing completed. Total: 0 processed, 0 expired in 0.02 seconds.[39m
[32mStarting expired holds processing...[39m
[32mNo expired holds found.[39m
[32mProcessing completed. Total: 0 processed, 0 expired in 0.01 seconds.[39m
[32mStarting expired holds processing...[39m
[32mNo expired holds found.[39m
[32mProcessing completed. Total: 0 processed, 0 expired in 0.01 seconds.[39m
[32mStarting expired holds processing...[39m
[32mNo expired holds found.[39m
[32mProcessing completed. Total: 0 processed, 0 expired in 0.01 seconds.[39m
[32mStarting expired holds processing...[39m
[32mNo expired holds found.[39m
[32mProcessing completed. Total: 0 processed, 0 expired in 0.01 seconds.[39m
[32mStarting expired holds processing...[39m
[32mNo expired holds found.[39m
[32mProcessing completed. Total: 0 processed, 0 expired in 0.01 seconds.[39m
[32mStarting expired holds processing...[39m
[32mNo expired holds found.[39m
[32mProcessing completed. Total: 0 processed, 0 expired in 0.01 seconds.[39m
[32mStarting expired holds processing...[39m
[32mNo expired holds found.[39m
[32mProcessing completed. Total: 0 processed, 0 expired in 0.01 seconds.[39m
[32mStarting expired holds processing...[39m
[32mNo expired holds found.[39m
[32mProcessing completed. Total: 0 processed, 0 expired in 0.01 seconds.[39m
[32mStarting expired holds processing...[39m
[32mNo expired holds found.[39m
[32mProcessing completed. Total: 0 processed, 0 expired in 0.01 seconds.[39m
[32mStarting expired holds processing...[39m
[32mNo expired holds found.[39m
[32mProcessing completed. Total: 0 processed, 0 expired in 0.01 seconds.[39m
[32mStarting expired holds processing...[39m
[32mNo expired holds found.[39m
[32mProcessing completed. Total: 0 processed, 0 expired in 0.01 seconds.[39m
[32mStarting expired holds processing...[39m
[32mNo expired holds found.[39m
[32mProcessing completed. Total: 0 processed, 0 expired in 0.01 seconds.[39m
[32mStarting expired holds processing...[39m
[32mNo expired holds found.[39m
[32mProcessing completed. Total: 0 processed, 0 expired in 0.01 seconds.[39m
[32mStarting expired holds processing...[39m
[32mNo expired holds found.[39m
[32mProcessing completed. Total: 0 processed, 0 expired in 0.01 seconds.[39m
[32mStarting expired holds processing...[39m
[32mNo expired holds found.[39m
[32mProcessing completed. Total: 0 processed, 0 expired in 0.01 seconds.[39m
[32mStarting expired holds processing...[39m
[32mNo expired holds found.[39m
[32mProcessing completed. Total: 0 processed, 0 expired in 0.01 seconds.[39m
[32mStarting expired holds processing...[39m
[32mNo expired holds found.[39m
[32mProcessing completed. Total: 0 processed, 0 expired in 0.01 seconds.[39m
[32mStarting expired holds processing...[39m
[32mNo expired holds found.[39m
[32mProcessing completed. Total: 0 processed, 0 expired in 0.01 seconds.[39m
[32mStarting expired holds processing...[39m
[32mNo expired holds found.[39m
[32mProcessing completed. Total: 0 processed, 0 expired in 0.01 seconds.[39m
[32mStarting expired holds processing...[39m
[32mNo expired holds found.[39m
[32mProcessing completed. Total: 0 processed, 0 expired in 0.01 seconds.[39m
[32mStarting expired holds processing...[39m
[32mNo expired holds found.[39m
[32mProcessing completed. Total: 0 processed, 0 expired in 0.01 seconds.[39m
[32mStarting expired holds processing...[39m
[32mNo expired holds found.[39m
[32mProcessing completed. Total: 0 processed, 0 expired in 0.01 seconds.[39m
[32mStarting expired holds processing...[39m
[32mNo expired holds found.[39m
[32mProcessing completed. Total: 0 processed, 0 expired in 0.01 seconds.[39m
[32mStarting expired holds processing...[39m
[32mNo expired holds found.[39m
[32mProcessing completed. Total: 0 processed, 0 expired in 0.01 seconds.[39m
[32mStarting expired holds processing...[39m
[32mNo expired holds found.[39m
[32mProcessing completed. Total: 0 processed, 0 expired in 0.01 seconds.[39m
[32mStarting expired holds processing...[39m
[32mNo expired holds found.[39m
[32mProcessing completed. Total: 0 processed, 0 expired in 0.01 seconds.[39m
[32mStarting expired holds processing...[39m
[32mNo expired holds found.[39m
[32mProcessing completed. Total: 0 processed, 0 expired in 0.01 seconds.[39m
[32mStarting expired holds processing...[39m
[32mNo expired holds found.[39m
[32mProcessing completed. Total: 0 processed, 0 expired in 0.01 seconds.[39m
[32mStarting expired holds processing...[39m
[32mNo expired holds found.[39m
[32mProcessing completed. Total: 0 processed, 0 expired in 0.01 seconds.[39m
[32mStarting expired holds processing...[39m
[32mNo expired holds found.[39m
[32mProcessing completed. Total: 0 processed, 0 expired in 0.01 seconds.[39m
[32mStarting expired holds processing...[39m
[32mNo expired holds found.[39m
[32mProcessing completed. Total: 0 processed, 0 expired in 0.01 seconds.[39m
[32mStarting expired holds processing...[39m
[32mNo expired holds found.[39m
[32mProcessing completed. Total: 0 processed, 0 expired in 0.01 seconds.[39m
[32mStarting expired holds processing...[39m
[32mNo expired holds found.[39m
[32mProcessing completed. Total: 0 processed, 0 expired in 0.01 seconds.[39m
[32mStarting expired holds processing...[39m
[32mNo expired holds found.[39m
[32mProcessing completed. Total: 0 processed, 0 expired in 0.01 seconds.[39m
[32mStarting expired holds processing...[39m
[32mNo expired holds found.[39m
[32mProcessing completed. Total: 0 processed, 0 expired in 0.01 seconds.[39m
[32mStarting expired holds processing...[39m
[32mNo expired holds found.[39m
[32mProcessing completed. Total: 0 processed, 0 expired in 0.01 seconds.[39m
[32mStarting expired holds processing...[39m
[32mNo expired holds found.[39m
[32mProcessing completed. Total: 0 processed, 0 expired in 0.01 seconds.[39m
[32mStarting expired holds processing...[39m
[32mNo expired holds found.[39m
[32mProcessing completed. Total: 0 processed, 0 expired in 0.01 seconds.[39m
[32mStarting expired holds processing...[39m
[32mNo expired holds found.[39m
[32mProcessing completed. Total: 0 processed, 0 expired in 0.01 seconds.[39m
[32mStarting expired holds processing...[39m
[32mNo expired holds found.[39m
[32mProcessing completed. Total: 0 processed, 0 expired in 0.01 seconds.[39m
[32mStarting expired holds processing...[39m
[32mNo expired holds found.[39m
[32mProcessing completed. Total: 0 processed, 0 expired in 0.01 seconds.[39m
[32mStarting expired holds processing...[39m
[32mNo expired holds found.[39m
[32mProcessing completed. Total: 0 processed, 0 expired in 0.01 seconds.[39m
[32mStarting expired holds processing...[39m
[32mNo expired holds found.[39m
[32mProcessing completed. Total: 0 processed, 0 expired in 0.01 seconds.[39m
[32mStarting expired holds processing...[39m
[32mNo expired holds found.[39m
[32mProcessing completed. Total: 0 processed, 0 expired in 0.01 seconds.[39m
[32mStarting expired holds processing...[39m
[32mNo expired holds found.[39m
[32mProcessing completed. Total: 0 processed, 0 expired in 0.01 seconds.[39m
[32mStarting expired holds processing...[39m
[32mNo expired holds found.[39m
[32mProcessing completed. Total: 0 processed, 0 expired in 0.01 seconds.[39m
[32mStarting expired holds processing...[39m
[32mNo expired holds found.[39m
[32mProcessing completed. Total: 0 processed, 0 expired in 0.01 seconds.[39m
[32mStarting expired holds processing...[39m
[32mNo expired holds found.[39m
[32mProcessing completed. Total: 0 processed, 0 expired in 0.01 seconds.[39m
[32mStarting expired holds processing...[39m
[32mNo expired holds found.[39m
[32mProcessing completed. Total: 0 processed, 0 expired in 0.01 seconds.[39m
[32mStarting expired holds processing...[39m
[32mNo expired holds found.[39m
[32mProcessing completed. Total: 0 processed, 0 expired in 0.01 seconds.[39m
[32mStarting expired holds processing...[39m
[32mNo expired holds found.[39m
[32mProcessing completed. Total: 0 processed, 0 expired in 0.01 seconds.[39m
